2016-07-22 14:12:48,138 [main] INFO  o.s.web.context.ContextLoader - Root WebApplicationContext: initialization started
2016-07-22 14:12:48,300 [main] INFO  o.s.w.c.s.XmlWebApplicationContext - Refreshing Root WebApplicationContext: startup date [Fri Jul 22 14:12:48 EEST 2016]; root of context hierarchy
2016-07-22 14:12:48,321 [main] INFO  o.s.b.f.xml.XmlBeanDefinitionReader - Loading XML bean definitions from ServletContext resource [/WEB-INF/applicationContext.xml]
2016-07-22 14:12:48,658 [main] ERROR o.s.web.context.ContextLoader - Context initialization failed
org.springframework.beans.factory.parsing.BeanDefinitionParsingException: Configuration problem: Unable to locate Spring NamespaceHandler for XML schema namespace [http://www.springframework.org/schema/tx]
Offending resource: ServletContext resource [/WEB-INF/applicationContext.xml]

	at org.springframework.beans.factory.parsing.FailFastProblemReporter.error(FailFastProblemReporter.java:70) ~[spring-beans-4.0.2.RELEASE.jar:4.0.2.RELEASE]
	at org.springframework.beans.factory.parsing.ReaderContext.error(ReaderContext.java:85) ~[spring-beans-4.0.2.RELEASE.jar:4.0.2.RELEASE]
	at org.springframework.beans.factory.parsing.ReaderContext.error(ReaderContext.java:80) ~[spring-beans-4.0.2.RELEASE.jar:4.0.2.RELEASE]
	at org.springframework.beans.factory.xml.BeanDefinitionParserDelegate.error(BeanDefinitionParserDelegate.java:316) ~[spring-beans-4.0.2.RELEASE.jar:4.0.2.RELEASE]
	at org.springframework.beans.factory.xml.BeanDefinitionParserDelegate.parseCustomElement(BeanDefinitionParserDelegate.java:1421) ~[spring-beans-4.0.2.RELEASE.jar:4.0.2.RELEASE]
	at org.springframework.beans.factory.xml.BeanDefinitionParserDelegate.parseCustomElement(BeanDefinitionParserDelegate.java:1414) ~[spring-beans-4.0.2.RELEASE.jar:4.0.2.RELEASE]
	at org.springframework.beans.factory.xml.DefaultBeanDefinitionDocumentReader.parseBeanDefinitions(DefaultBeanDefinitionDocumentReader.java:187) ~[spring-beans-4.0.2.RELEASE.jar:4.0.2.RELEASE]
	at org.springframework.beans.factory.xml.DefaultBeanDefinitionDocumentReader.doRegisterBeanDefinitions(DefaultBeanDefinitionDocumentReader.java:141) ~[spring-beans-4.0.2.RELEASE.jar:4.0.2.RELEASE]
	at org.springframework.beans.factory.xml.DefaultBeanDefinitionDocumentReader.registerBeanDefinitions(DefaultBeanDefinitionDocumentReader.java:110) ~[spring-beans-4.0.2.RELEASE.jar:4.0.2.RELEASE]
	at org.springframework.beans.factory.xml.XmlBeanDefinitionReader.registerBeanDefinitions(XmlBeanDefinitionReader.java:508) ~[spring-beans-4.0.2.RELEASE.jar:4.0.2.RELEASE]
	at org.springframework.beans.factory.xml.XmlBeanDefinitionReader.doLoadBeanDefinitions(XmlBeanDefinitionReader.java:391) ~[spring-beans-4.0.2.RELEASE.jar:4.0.2.RELEASE]
	at org.springframework.beans.factory.xml.XmlBeanDefinitionReader.loadBeanDefinitions(XmlBeanDefinitionReader.java:335) ~[spring-beans-4.0.2.RELEASE.jar:4.0.2.RELEASE]
	at org.springframework.beans.factory.xml.XmlBeanDefinitionReader.loadBeanDefinitions(XmlBeanDefinitionReader.java:303) ~[spring-beans-4.0.2.RELEASE.jar:4.0.2.RELEASE]
	at org.springframework.beans.factory.support.AbstractBeanDefinitionReader.loadBeanDefinitions(AbstractBeanDefinitionReader.java:180) ~[spring-beans-4.0.2.RELEASE.jar:4.0.2.RELEASE]
	at org.springframework.beans.factory.support.AbstractBeanDefinitionReader.loadBeanDefinitions(AbstractBeanDefinitionReader.java:216) ~[spring-beans-4.0.2.RELEASE.jar:4.0.2.RELEASE]
	at org.springframework.beans.factory.support.AbstractBeanDefinitionReader.loadBeanDefinitions(AbstractBeanDefinitionReader.java:187) ~[spring-beans-4.0.2.RELEASE.jar:4.0.2.RELEASE]
	at org.springframework.web.context.support.XmlWebApplicationContext.loadBeanDefinitions(XmlWebApplicationContext.java:125) ~[spring-web-4.0.2.RELEASE.jar:4.0.2.RELEASE]
	at org.springframework.web.context.support.XmlWebApplicationContext.loadBeanDefinitions(XmlWebApplicationContext.java:94) ~[spring-web-4.0.2.RELEASE.jar:4.0.2.RELEASE]
	at org.springframework.context.support.AbstractRefreshableApplicationContext.refreshBeanFactory(AbstractRefreshableApplicationContext.java:129) ~[spring-context-4.0.2.RELEASE.jar:4.0.2.RELEASE]
	at org.springframework.context.support.AbstractApplicationContext.obtainFreshBeanFactory(AbstractApplicationContext.java:540) ~[spring-context-4.0.2.RELEASE.jar:4.0.2.RELEASE]
	at org.springframework.context.support.AbstractApplicationContext.refresh(AbstractApplicationContext.java:454) ~[spring-context-4.0.2.RELEASE.jar:4.0.2.RELEASE]
	at org.springframework.web.context.ContextLoader.configureAndRefreshWebApplicationContext(ContextLoader.java:403) ~[spring-web-4.0.2.RELEASE.jar:4.0.2.RELEASE]
	at org.springframework.web.context.ContextLoader.initWebApplicationContext(ContextLoader.java:306) ~[spring-web-4.0.2.RELEASE.jar:4.0.2.RELEASE]
	at org.springframework.web.context.ContextLoaderListener.contextInitialized(ContextLoaderListener.java:106) [spring-web-4.0.2.RELEASE.jar:4.0.2.RELEASE]
	at org.eclipse.jetty.server.handler.ContextHandler.callContextInitialized(ContextHandler.java:782) [gwt-dev-2.7.0.jar:na]
	at org.eclipse.jetty.servlet.ServletContextHandler.callContextInitialized(ServletContextHandler.java:424) [gwt-dev-2.7.0.jar:na]
	at org.eclipse.jetty.server.handler.ContextHandler.startContext(ContextHandler.java:774) [gwt-dev-2.7.0.jar:na]
	at org.eclipse.jetty.servlet.ServletContextHandler.startContext(ServletContextHandler.java:249) [gwt-dev-2.7.0.jar:na]
	at org.eclipse.jetty.webapp.WebAppContext.startContext(WebAppContext.java:1242) [gwt-dev-2.7.0.jar:na]
	at org.eclipse.jetty.server.handler.ContextHandler.doStart(ContextHandler.java:717) [gwt-dev-2.7.0.jar:na]
	at org.eclipse.jetty.webapp.WebAppContext.doStart(WebAppContext.java:494) [gwt-dev-2.7.0.jar:na]
	at com.google.gwt.dev.shell.jetty.JettyLauncher$WebAppContextWithReload.doStart(JettyLauncher.java:541) [gwt-dev-2.7.0.jar:na]
	at org.eclipse.jetty.util.component.AbstractLifeCycle.start(AbstractLifeCycle.java:64) [gwt-dev-2.7.0.jar:na]
	at org.eclipse.jetty.server.handler.HandlerWrapper.doStart(HandlerWrapper.java:95) [gwt-dev-2.7.0.jar:na]
	at org.eclipse.jetty.server.handler.RequestLogHandler.doStart(RequestLogHandler.java:162) [gwt-dev-2.7.0.jar:na]
	at org.eclipse.jetty.util.component.AbstractLifeCycle.start(AbstractLifeCycle.java:64) [gwt-dev-2.7.0.jar:na]
	at org.eclipse.jetty.server.handler.HandlerWrapper.doStart(HandlerWrapper.java:95) [gwt-dev-2.7.0.jar:na]
	at org.eclipse.jetty.server.Server.doStart(Server.java:282) [gwt-dev-2.7.0.jar:na]
	at org.eclipse.jetty.util.component.AbstractLifeCycle.start(AbstractLifeCycle.java:64) [gwt-dev-2.7.0.jar:na]
	at com.google.gwt.dev.shell.jetty.JettyLauncher.start(JettyLauncher.java:740) [gwt-dev-2.7.0.jar:na]
	at com.google.gwt.dev.DevMode.doStartUpServer(DevMode.java:632) [gwt-dev-2.7.0.jar:na]
	at com.google.gwt.dev.DevModeBase.startUp(DevModeBase.java:1054) [gwt-dev-2.7.0.jar:na]
	at com.google.gwt.dev.DevModeBase.run(DevModeBase.java:836) [gwt-dev-2.7.0.jar:na]
	at com.google.gwt.dev.DevMode.main(DevMode.java:413) [gwt-dev-2.7.0.jar:na]
2016-07-22 14:13:58,289 [Thread-19] INFO  o.s.w.c.s.XmlWebApplicationContext - Closing Root WebApplicationContext: startup date [Fri Jul 22 14:12:48 EEST 2016]; root of context hierarchy
2016-07-22 14:13:58,292 [Thread-19] WARN  o.s.w.c.s.XmlWebApplicationContext - Exception thrown from ApplicationListener handling ContextClosedEvent
java.lang.IllegalStateException: ApplicationEventMulticaster not initialized - call 'refresh' before multicasting events via the context: Root WebApplicationContext: startup date [Fri Jul 22 14:12:48 EEST 2016]; root of context hierarchy
	at org.springframework.context.support.AbstractApplicationContext.getApplicationEventMulticaster(AbstractApplicationContext.java:346) [spring-context-4.0.2.RELEASE.jar:4.0.2.RELEASE]
	at org.springframework.context.support.AbstractApplicationContext.publishEvent(AbstractApplicationContext.java:333) [spring-context-4.0.2.RELEASE.jar:4.0.2.RELEASE]
	at org.springframework.context.support.AbstractApplicationContext.doClose(AbstractApplicationContext.java:880) [spring-context-4.0.2.RELEASE.jar:4.0.2.RELEASE]
	at org.springframework.context.support.AbstractApplicationContext.close(AbstractApplicationContext.java:841) [spring-context-4.0.2.RELEASE.jar:4.0.2.RELEASE]
	at org.springframework.web.context.ContextLoader.closeWebApplicationContext(ContextLoader.java:579) [spring-web-4.0.2.RELEASE.jar:4.0.2.RELEASE]
	at org.springframework.web.context.ContextLoaderListener.contextDestroyed(ContextLoaderListener.java:115) [spring-web-4.0.2.RELEASE.jar:4.0.2.RELEASE]
	at org.eclipse.jetty.server.handler.ContextHandler.doStop(ContextHandler.java:823) [gwt-dev-2.7.0.jar:na]
	at org.eclipse.jetty.servlet.ServletContextHandler.doStop(ServletContextHandler.java:160) [gwt-dev-2.7.0.jar:na]
	at org.eclipse.jetty.webapp.WebAppContext.doStop(WebAppContext.java:518) [gwt-dev-2.7.0.jar:na]
	at com.google.gwt.dev.shell.jetty.JettyLauncher$WebAppContextWithReload.doStop(JettyLauncher.java:546) [gwt-dev-2.7.0.jar:na]
	at org.eclipse.jetty.util.component.AbstractLifeCycle.stop(AbstractLifeCycle.java:89) [gwt-dev-2.7.0.jar:na]
	at org.eclipse.jetty.server.handler.HandlerWrapper.doStop(HandlerWrapper.java:107) [gwt-dev-2.7.0.jar:na]
	at org.eclipse.jetty.server.handler.RequestLogHandler.doStop(RequestLogHandler.java:173) [gwt-dev-2.7.0.jar:na]
	at org.eclipse.jetty.util.component.AbstractLifeCycle.stop(AbstractLifeCycle.java:89) [gwt-dev-2.7.0.jar:na]
	at org.eclipse.jetty.server.handler.HandlerWrapper.doStop(HandlerWrapper.java:107) [gwt-dev-2.7.0.jar:na]
	at org.eclipse.jetty.server.Server.doStop(Server.java:343) [gwt-dev-2.7.0.jar:na]
	at org.eclipse.jetty.util.component.AbstractLifeCycle.stop(AbstractLifeCycle.java:89) [gwt-dev-2.7.0.jar:na]
	at org.eclipse.jetty.util.thread.ShutdownThread.run(ShutdownThread.java:132) [gwt-dev-2.7.0.jar:na]
2016-07-22 14:13:58,292 [Thread-19] WARN  o.s.w.c.s.XmlWebApplicationContext - Exception thrown from LifecycleProcessor on context close
java.lang.IllegalStateException: LifecycleProcessor not initialized - call 'refresh' before invoking lifecycle methods via the context: Root WebApplicationContext: startup date [Fri Jul 22 14:12:48 EEST 2016]; root of context hierarchy
	at org.springframework.context.support.AbstractApplicationContext.getLifecycleProcessor(AbstractApplicationContext.java:359) [spring-context-4.0.2.RELEASE.jar:4.0.2.RELEASE]
	at org.springframework.context.support.AbstractApplicationContext.doClose(AbstractApplicationContext.java:888) [spring-context-4.0.2.RELEASE.jar:4.0.2.RELEASE]
	at org.springframework.context.support.AbstractApplicationContext.close(AbstractApplicationContext.java:841) [spring-context-4.0.2.RELEASE.jar:4.0.2.RELEASE]
	at org.springframework.web.context.ContextLoader.closeWebApplicationContext(ContextLoader.java:579) [spring-web-4.0.2.RELEASE.jar:4.0.2.RELEASE]
	at org.springframework.web.context.ContextLoaderListener.contextDestroyed(ContextLoaderListener.java:115) [spring-web-4.0.2.RELEASE.jar:4.0.2.RELEASE]
	at org.eclipse.jetty.server.handler.ContextHandler.doStop(ContextHandler.java:823) [gwt-dev-2.7.0.jar:na]
	at org.eclipse.jetty.servlet.ServletContextHandler.doStop(ServletContextHandler.java:160) [gwt-dev-2.7.0.jar:na]
	at org.eclipse.jetty.webapp.WebAppContext.doStop(WebAppContext.java:518) [gwt-dev-2.7.0.jar:na]
	at com.google.gwt.dev.shell.jetty.JettyLauncher$WebAppContextWithReload.doStop(JettyLauncher.java:546) [gwt-dev-2.7.0.jar:na]
	at org.eclipse.jetty.util.component.AbstractLifeCycle.stop(AbstractLifeCycle.java:89) [gwt-dev-2.7.0.jar:na]
	at org.eclipse.jetty.server.handler.HandlerWrapper.doStop(HandlerWrapper.java:107) [gwt-dev-2.7.0.jar:na]
	at org.eclipse.jetty.server.handler.RequestLogHandler.doStop(RequestLogHandler.java:173) [gwt-dev-2.7.0.jar:na]
	at org.eclipse.jetty.util.component.AbstractLifeCycle.stop(AbstractLifeCycle.java:89) [gwt-dev-2.7.0.jar:na]
	at org.eclipse.jetty.server.handler.HandlerWrapper.doStop(HandlerWrapper.java:107) [gwt-dev-2.7.0.jar:na]
	at org.eclipse.jetty.server.Server.doStop(Server.java:343) [gwt-dev-2.7.0.jar:na]
	at org.eclipse.jetty.util.component.AbstractLifeCycle.stop(AbstractLifeCycle.java:89) [gwt-dev-2.7.0.jar:na]
	at org.eclipse.jetty.util.thread.ShutdownThread.run(ShutdownThread.java:132) [gwt-dev-2.7.0.jar:na]
2016-07-22 14:16:51,027 [main] INFO  o.s.web.context.ContextLoader - Root WebApplicationContext: initialization started
2016-07-22 14:16:51,082 [main] INFO  o.s.w.c.s.XmlWebApplicationContext - Refreshing Root WebApplicationContext: startup date [Fri Jul 22 14:16:51 EEST 2016]; root of context hierarchy
2016-07-22 14:16:51,103 [main] INFO  o.s.b.f.xml.XmlBeanDefinitionReader - Loading XML bean definitions from ServletContext resource [/WEB-INF/applicationContext.xml]
2016-07-22 14:16:51,225 [main] ERROR o.s.web.context.ContextLoader - Context initialization failed
org.springframework.beans.factory.parsing.BeanDefinitionParsingException: Configuration problem: Unable to locate Spring NamespaceHandler for XML schema namespace [http://www.springframework.org/schema/tx]
Offending resource: ServletContext resource [/WEB-INF/applicationContext.xml]

	at org.springframework.beans.factory.parsing.FailFastProblemReporter.error(FailFastProblemReporter.java:70) ~[spring-beans-4.0.2.RELEASE.jar:4.0.2.RELEASE]
	at org.springframework.beans.factory.parsing.ReaderContext.error(ReaderContext.java:85) ~[spring-beans-4.0.2.RELEASE.jar:4.0.2.RELEASE]
	at org.springframework.beans.factory.parsing.ReaderContext.error(ReaderContext.java:80) ~[spring-beans-4.0.2.RELEASE.jar:4.0.2.RELEASE]
	at org.springframework.beans.factory.xml.BeanDefinitionParserDelegate.error(BeanDefinitionParserDelegate.java:316) ~[spring-beans-4.0.2.RELEASE.jar:4.0.2.RELEASE]
	at org.springframework.beans.factory.xml.BeanDefinitionParserDelegate.parseCustomElement(BeanDefinitionParserDelegate.java:1421) ~[spring-beans-4.0.2.RELEASE.jar:4.0.2.RELEASE]
	at org.springframework.beans.factory.xml.BeanDefinitionParserDelegate.parseCustomElement(BeanDefinitionParserDelegate.java:1414) ~[spring-beans-4.0.2.RELEASE.jar:4.0.2.RELEASE]
	at org.springframework.beans.factory.xml.DefaultBeanDefinitionDocumentReader.parseBeanDefinitions(DefaultBeanDefinitionDocumentReader.java:187) ~[spring-beans-4.0.2.RELEASE.jar:4.0.2.RELEASE]
	at org.springframework.beans.factory.xml.DefaultBeanDefinitionDocumentReader.doRegisterBeanDefinitions(DefaultBeanDefinitionDocumentReader.java:141) ~[spring-beans-4.0.2.RELEASE.jar:4.0.2.RELEASE]
	at org.springframework.beans.factory.xml.DefaultBeanDefinitionDocumentReader.registerBeanDefinitions(DefaultBeanDefinitionDocumentReader.java:110) ~[spring-beans-4.0.2.RELEASE.jar:4.0.2.RELEASE]
	at org.springframework.beans.factory.xml.XmlBeanDefinitionReader.registerBeanDefinitions(XmlBeanDefinitionReader.java:508) ~[spring-beans-4.0.2.RELEASE.jar:4.0.2.RELEASE]
	at org.springframework.beans.factory.xml.XmlBeanDefinitionReader.doLoadBeanDefinitions(XmlBeanDefinitionReader.java:391) ~[spring-beans-4.0.2.RELEASE.jar:4.0.2.RELEASE]
	at org.springframework.beans.factory.xml.XmlBeanDefinitionReader.loadBeanDefinitions(XmlBeanDefinitionReader.java:335) ~[spring-beans-4.0.2.RELEASE.jar:4.0.2.RELEASE]
	at org.springframework.beans.factory.xml.XmlBeanDefinitionReader.loadBeanDefinitions(XmlBeanDefinitionReader.java:303) ~[spring-beans-4.0.2.RELEASE.jar:4.0.2.RELEASE]
	at org.springframework.beans.factory.support.AbstractBeanDefinitionReader.loadBeanDefinitions(AbstractBeanDefinitionReader.java:180) ~[spring-beans-4.0.2.RELEASE.jar:4.0.2.RELEASE]
	at org.springframework.beans.factory.support.AbstractBeanDefinitionReader.loadBeanDefinitions(AbstractBeanDefinitionReader.java:216) ~[spring-beans-4.0.2.RELEASE.jar:4.0.2.RELEASE]
	at org.springframework.beans.factory.support.AbstractBeanDefinitionReader.loadBeanDefinitions(AbstractBeanDefinitionReader.java:187) ~[spring-beans-4.0.2.RELEASE.jar:4.0.2.RELEASE]
	at org.springframework.web.context.support.XmlWebApplicationContext.loadBeanDefinitions(XmlWebApplicationContext.java:125) ~[spring-web-4.0.2.RELEASE.jar:4.0.2.RELEASE]
	at org.springframework.web.context.support.XmlWebApplicationContext.loadBeanDefinitions(XmlWebApplicationContext.java:94) ~[spring-web-4.0.2.RELEASE.jar:4.0.2.RELEASE]
	at org.springframework.context.support.AbstractRefreshableApplicationContext.refreshBeanFactory(AbstractRefreshableApplicationContext.java:129) ~[spring-context-4.0.2.RELEASE.jar:4.0.2.RELEASE]
	at org.springframework.context.support.AbstractApplicationContext.obtainFreshBeanFactory(AbstractApplicationContext.java:540) ~[spring-context-4.0.2.RELEASE.jar:4.0.2.RELEASE]
	at org.springframework.context.support.AbstractApplicationContext.refresh(AbstractApplicationContext.java:454) ~[spring-context-4.0.2.RELEASE.jar:4.0.2.RELEASE]
	at org.springframework.web.context.ContextLoader.configureAndRefreshWebApplicationContext(ContextLoader.java:403) ~[spring-web-4.0.2.RELEASE.jar:4.0.2.RELEASE]
	at org.springframework.web.context.ContextLoader.initWebApplicationContext(ContextLoader.java:306) ~[spring-web-4.0.2.RELEASE.jar:4.0.2.RELEASE]
	at org.springframework.web.context.ContextLoaderListener.contextInitialized(ContextLoaderListener.java:106) [spring-web-4.0.2.RELEASE.jar:4.0.2.RELEASE]
	at org.eclipse.jetty.server.handler.ContextHandler.callContextInitialized(ContextHandler.java:782) [gwt-dev-2.7.0.jar:na]
	at org.eclipse.jetty.servlet.ServletContextHandler.callContextInitialized(ServletContextHandler.java:424) [gwt-dev-2.7.0.jar:na]
	at org.eclipse.jetty.server.handler.ContextHandler.startContext(ContextHandler.java:774) [gwt-dev-2.7.0.jar:na]
	at org.eclipse.jetty.servlet.ServletContextHandler.startContext(ServletContextHandler.java:249) [gwt-dev-2.7.0.jar:na]
	at org.eclipse.jetty.webapp.WebAppContext.startContext(WebAppContext.java:1242) [gwt-dev-2.7.0.jar:na]
	at org.eclipse.jetty.server.handler.ContextHandler.doStart(ContextHandler.java:717) [gwt-dev-2.7.0.jar:na]
	at org.eclipse.jetty.webapp.WebAppContext.doStart(WebAppContext.java:494) [gwt-dev-2.7.0.jar:na]
	at com.google.gwt.dev.shell.jetty.JettyLauncher$WebAppContextWithReload.doStart(JettyLauncher.java:541) [gwt-dev-2.7.0.jar:na]
	at org.eclipse.jetty.util.component.AbstractLifeCycle.start(AbstractLifeCycle.java:64) [gwt-dev-2.7.0.jar:na]
	at org.eclipse.jetty.server.handler.HandlerWrapper.doStart(HandlerWrapper.java:95) [gwt-dev-2.7.0.jar:na]
	at org.eclipse.jetty.server.handler.RequestLogHandler.doStart(RequestLogHandler.java:162) [gwt-dev-2.7.0.jar:na]
	at org.eclipse.jetty.util.component.AbstractLifeCycle.start(AbstractLifeCycle.java:64) [gwt-dev-2.7.0.jar:na]
	at org.eclipse.jetty.server.handler.HandlerWrapper.doStart(HandlerWrapper.java:95) [gwt-dev-2.7.0.jar:na]
	at org.eclipse.jetty.server.Server.doStart(Server.java:282) [gwt-dev-2.7.0.jar:na]
	at org.eclipse.jetty.util.component.AbstractLifeCycle.start(AbstractLifeCycle.java:64) [gwt-dev-2.7.0.jar:na]
	at com.google.gwt.dev.shell.jetty.JettyLauncher.start(JettyLauncher.java:740) [gwt-dev-2.7.0.jar:na]
	at com.google.gwt.dev.DevMode.doStartUpServer(DevMode.java:632) [gwt-dev-2.7.0.jar:na]
	at com.google.gwt.dev.DevModeBase.startUp(DevModeBase.java:1054) [gwt-dev-2.7.0.jar:na]
	at com.google.gwt.dev.DevModeBase.run(DevModeBase.java:836) [gwt-dev-2.7.0.jar:na]
	at com.google.gwt.dev.DevMode.main(DevMode.java:413) [gwt-dev-2.7.0.jar:na]
2016-07-22 14:33:12,152 [Thread-20] INFO  o.s.w.c.s.XmlWebApplicationContext - Closing Root WebApplicationContext: startup date [Fri Jul 22 14:16:51 EEST 2016]; root of context hierarchy
2016-07-22 14:33:12,154 [Thread-20] WARN  o.s.w.c.s.XmlWebApplicationContext - Exception thrown from ApplicationListener handling ContextClosedEvent
java.lang.IllegalStateException: ApplicationEventMulticaster not initialized - call 'refresh' before multicasting events via the context: Root WebApplicationContext: startup date [Fri Jul 22 14:16:51 EEST 2016]; root of context hierarchy
	at org.springframework.context.support.AbstractApplicationContext.getApplicationEventMulticaster(AbstractApplicationContext.java:346) [spring-context-4.0.2.RELEASE.jar:4.0.2.RELEASE]
	at org.springframework.context.support.AbstractApplicationContext.publishEvent(AbstractApplicationContext.java:333) [spring-context-4.0.2.RELEASE.jar:4.0.2.RELEASE]
	at org.springframework.context.support.AbstractApplicationContext.doClose(AbstractApplicationContext.java:880) [spring-context-4.0.2.RELEASE.jar:4.0.2.RELEASE]
	at org.springframework.context.support.AbstractApplicationContext.close(AbstractApplicationContext.java:841) [spring-context-4.0.2.RELEASE.jar:4.0.2.RELEASE]
	at org.springframework.web.context.ContextLoader.closeWebApplicationContext(ContextLoader.java:579) [spring-web-4.0.2.RELEASE.jar:4.0.2.RELEASE]
	at org.springframework.web.context.ContextLoaderListener.contextDestroyed(ContextLoaderListener.java:115) [spring-web-4.0.2.RELEASE.jar:4.0.2.RELEASE]
	at org.eclipse.jetty.server.handler.ContextHandler.doStop(ContextHandler.java:823) [gwt-dev-2.7.0.jar:na]
	at org.eclipse.jetty.servlet.ServletContextHandler.doStop(ServletContextHandler.java:160) [gwt-dev-2.7.0.jar:na]
	at org.eclipse.jetty.webapp.WebAppContext.doStop(WebAppContext.java:518) [gwt-dev-2.7.0.jar:na]
	at com.google.gwt.dev.shell.jetty.JettyLauncher$WebAppContextWithReload.doStop(JettyLauncher.java:546) [gwt-dev-2.7.0.jar:na]
	at org.eclipse.jetty.util.component.AbstractLifeCycle.stop(AbstractLifeCycle.java:89) [gwt-dev-2.7.0.jar:na]
	at org.eclipse.jetty.server.handler.HandlerWrapper.doStop(HandlerWrapper.java:107) [gwt-dev-2.7.0.jar:na]
	at org.eclipse.jetty.server.handler.RequestLogHandler.doStop(RequestLogHandler.java:173) [gwt-dev-2.7.0.jar:na]
	at org.eclipse.jetty.util.component.AbstractLifeCycle.stop(AbstractLifeCycle.java:89) [gwt-dev-2.7.0.jar:na]
	at org.eclipse.jetty.server.handler.HandlerWrapper.doStop(HandlerWrapper.java:107) [gwt-dev-2.7.0.jar:na]
	at org.eclipse.jetty.server.Server.doStop(Server.java:343) [gwt-dev-2.7.0.jar:na]
	at org.eclipse.jetty.util.component.AbstractLifeCycle.stop(AbstractLifeCycle.java:89) [gwt-dev-2.7.0.jar:na]
	at org.eclipse.jetty.util.thread.ShutdownThread.run(ShutdownThread.java:132) [gwt-dev-2.7.0.jar:na]
2016-07-22 14:33:12,154 [Thread-20] WARN  o.s.w.c.s.XmlWebApplicationContext - Exception thrown from LifecycleProcessor on context close
java.lang.IllegalStateException: LifecycleProcessor not initialized - call 'refresh' before invoking lifecycle methods via the context: Root WebApplicationContext: startup date [Fri Jul 22 14:16:51 EEST 2016]; root of context hierarchy
	at org.springframework.context.support.AbstractApplicationContext.getLifecycleProcessor(AbstractApplicationContext.java:359) [spring-context-4.0.2.RELEASE.jar:4.0.2.RELEASE]
	at org.springframework.context.support.AbstractApplicationContext.doClose(AbstractApplicationContext.java:888) [spring-context-4.0.2.RELEASE.jar:4.0.2.RELEASE]
	at org.springframework.context.support.AbstractApplicationContext.close(AbstractApplicationContext.java:841) [spring-context-4.0.2.RELEASE.jar:4.0.2.RELEASE]
	at org.springframework.web.context.ContextLoader.closeWebApplicationContext(ContextLoader.java:579) [spring-web-4.0.2.RELEASE.jar:4.0.2.RELEASE]
	at org.springframework.web.context.ContextLoaderListener.contextDestroyed(ContextLoaderListener.java:115) [spring-web-4.0.2.RELEASE.jar:4.0.2.RELEASE]
	at org.eclipse.jetty.server.handler.ContextHandler.doStop(ContextHandler.java:823) [gwt-dev-2.7.0.jar:na]
	at org.eclipse.jetty.servlet.ServletContextHandler.doStop(ServletContextHandler.java:160) [gwt-dev-2.7.0.jar:na]
	at org.eclipse.jetty.webapp.WebAppContext.doStop(WebAppContext.java:518) [gwt-dev-2.7.0.jar:na]
	at com.google.gwt.dev.shell.jetty.JettyLauncher$WebAppContextWithReload.doStop(JettyLauncher.java:546) [gwt-dev-2.7.0.jar:na]
	at org.eclipse.jetty.util.component.AbstractLifeCycle.stop(AbstractLifeCycle.java:89) [gwt-dev-2.7.0.jar:na]
	at org.eclipse.jetty.server.handler.HandlerWrapper.doStop(HandlerWrapper.java:107) [gwt-dev-2.7.0.jar:na]
	at org.eclipse.jetty.server.handler.RequestLogHandler.doStop(RequestLogHandler.java:173) [gwt-dev-2.7.0.jar:na]
	at org.eclipse.jetty.util.component.AbstractLifeCycle.stop(AbstractLifeCycle.java:89) [gwt-dev-2.7.0.jar:na]
	at org.eclipse.jetty.server.handler.HandlerWrapper.doStop(HandlerWrapper.java:107) [gwt-dev-2.7.0.jar:na]
	at org.eclipse.jetty.server.Server.doStop(Server.java:343) [gwt-dev-2.7.0.jar:na]
	at org.eclipse.jetty.util.component.AbstractLifeCycle.stop(AbstractLifeCycle.java:89) [gwt-dev-2.7.0.jar:na]
	at org.eclipse.jetty.util.thread.ShutdownThread.run(ShutdownThread.java:132) [gwt-dev-2.7.0.jar:na]
2016-07-22 14:56:16,299 [SuperDevMode code server listener] INFO  org.eclipse.jetty.server.Server - jetty-8.y.z-SNAPSHOT
2016-07-22 14:56:16,349 [SuperDevMode code server listener] INFO  o.e.jetty.server.AbstractConnector - Started SelectChannelConnector@0.0.0.0:64994
