2016-07-24 14:14:33,762 [main] INFO  o.k.k.s.c.AbstractServerApplication - Kaa Sandbox application starting...
2016-07-24 14:14:33,771 [main] INFO  o.k.kaa.server.common.Environment - Kaa version: 0.9.0-SNAPSHOT, commit: 
2016-07-24 14:14:33,771 [main] INFO  o.k.kaa.server.common.Environment - java.version : 1.8.0_101
2016-07-24 14:14:33,771 [main] INFO  o.k.kaa.server.common.Environment - java.vendor : Oracle Corporation
2016-07-24 14:14:33,771 [main] INFO  o.k.kaa.server.common.Environment - java.home : /Library/Java/JavaVirtualMachines/jdk1.8.0_101.jdk/Contents/Home/jre
2016-07-24 14:14:33,771 [main] INFO  o.k.kaa.server.common.Environment - java.class.path : /Users/faradey27/Documents/Projects/kaa/sandbox-frame/web/target/conf:/Users/faradey27/Documents/Projects/kaa/sandbox-frame/web/target/classes:/Users/faradey27/.m2/repository/org/apache/ant/ant-jsch/1.9.4/ant-jsch-1.9.4.jar:/Users/faradey27/.m2/repository/org/apache/ant/ant/1.9.4/ant-1.9.4.jar:/Users/faradey27/.m2/repository/org/apache/ant/ant-launcher/1.9.4/ant-launcher-1.9.4.jar:/Users/faradey27/.m2/repository/com/jcraft/jsch/0.1.50/jsch-0.1.50.jar:/Users/faradey27/.m2/repository/com/google/gwt/gwt-servlet/2.7.0/gwt-servlet-2.7.0.jar:/Users/faradey27/.m2/repository/com/google/gwt/gwt-user/2.7.0/gwt-user-2.7.0.jar:/Users/faradey27/.m2/repository/javax/validation/validation-api/1.0.0.GA/validation-api-1.0.0.GA.jar:/Users/faradey27/.m2/repository/javax/validation/validation-api/1.0.0.GA/validation-api-1.0.0.GA-sources.jar:/Users/faradey27/.m2/repository/com/google/gwt/gwt-codeserver/2.7.0/gwt-codeserver-2.7.0.jar:/Users/faradey27/.m2/repository/com/google/gwt/gwt-dev/2.7.0/gwt-dev-2.7.0.jar:/Users/faradey27/.m2/repository/org/ow2/asm/asm-util/5.0.3/asm-util-5.0.3.jar:/Users/faradey27/.m2/repository/org/springframework/spring-core/4.0.2.RELEASE/spring-core-4.0.2.RELEASE.jar:/Users/faradey27/.m2/repository/commons-logging/commons-logging/1.1.3/commons-logging-1.1.3.jar:/Users/faradey27/.m2/repository/org/springframework/spring-web/4.0.2.RELEASE/spring-web-4.0.2.RELEASE.jar:/Users/faradey27/.m2/repository/org/springframework/spring-aop/4.0.2.RELEASE/spring-aop-4.0.2.RELEASE.jar:/Users/faradey27/.m2/repository/aopalliance/aopalliance/1.0/aopalliance-1.0.jar:/Users/faradey27/.m2/repository/org/springframework/spring-beans/4.0.2.RELEASE/spring-beans-4.0.2.RELEASE.jar:/Users/faradey27/.m2/repository/org/springframework/spring-context/4.0.2.RELEASE/spring-context-4.0.2.RELEASE.jar:/Users/faradey27/.m2/repository/org/springframework/spring-expression/4.0.2.RELEASE/spring-expression-4.0.2.RELEASE.jar:/Users/faradey27/.m2/repository/org/springframework/spring-orm/4.0.2.RELEASE/spring-orm-4.0.2.RELEASE.jar:/Users/faradey27/.m2/repository/org/springframework/spring-jdbc/4.0.2.RELEASE/spring-jdbc-4.0.2.RELEASE.jar:/Users/faradey27/.m2/repository/org/springframework/spring-tx/4.0.2.RELEASE/spring-tx-4.0.2.RELEASE.jar:/Users/faradey27/.m2/repository/org/springframework/spring-context-support/4.0.2.RELEASE/spring-context-support-4.0.2.RELEASE.jar:/Users/faradey27/.m2/repository/org/springframework/spring-webmvc/4.0.2.RELEASE/spring-webmvc-4.0.2.RELEASE.jar:/Users/faradey27/.m2/repository/net/sf/ehcache/ehcache/2.8.1/ehcache-2.8.1.jar:/Users/faradey27/.m2/repository/net/iharder/base64/2.3.8/base64-2.3.8.jar:/Users/faradey27/.m2/repository/javax/mail/mail/1.4/mail-1.4.jar:/Users/faradey27/.m2/repository/javax/activation/activation/1.1/activation-1.1.jar:/Users/faradey27/.m2/repository/commons-validator/commons-validator/1.5.0/commons-validator-1.5.0.jar:/Users/faradey27/.m2/repository/commons-beanutils/commons-beanutils/1.9.2/commons-beanutils-1.9.2.jar:/Users/faradey27/.m2/repository/commons-digester/commons-digester/1.8.1/commons-digester-1.8.1.jar:/Users/faradey27/.m2/repository/commons-collections/commons-collections/3.2.2/commons-collections-3.2.2.jar:/Users/faradey27/.m2/repository/org/slf4j/slf4j-api/1.7.7/slf4j-api-1.7.7.jar:/Users/faradey27/.m2/repository/org/slf4j/log4j-over-slf4j/1.7.7/log4j-over-slf4j-1.7.7.jar:/Users/faradey27/.m2/repository/ch/qos/logback/logback-core/1.1.2/logback-core-1.1.2.jar:/Users/faradey27/.m2/repository/ch/qos/logback/logback-classic/1.1.2/logback-classic-1.1.2.jar:/Users/faradey27/.m2/repository/org/logback-extensions/logback-ext-spring/0.1.2/logback-ext-spring-0.1.2.jar:/Users/faradey27/.m2/repository/org/apache/httpcomponents/httpclient/4.3.2/httpclient-4.3.2.jar:/Users/faradey27/.m2/repository/org/apache/httpcomponents/httpcore/4.3.1/httpcore-4.3.1.jar:/Users/faradey27/.m2/repository/commons-codec/commons-codec/1.6/commons-codec-1.6.jar:/Users/faradey27/.m2/repository/org/codehaus/jackson/jackson-mapper-asl/1.9.12/jackson-mapper-asl-1.9.12.jar:/Users/faradey27/.m2/repository/org/codehaus/jackson/jackson-core-asl/1.9.12/jackson-core-asl-1.9.12.jar:/Users/faradey27/.m2/repository/commons-fileupload/commons-fileupload/1.3.1/commons-fileupload-1.3.1.jar:/Users/faradey27/.m2/repository/commons-io/commons-io/2.2/commons-io-2.2.jar:/Users/faradey27/.m2/repository/org/apache/avro/avro/1.7.5/avro-1.7.5.jar:/Users/faradey27/.m2/repository/com/thoughtworks/paranamer/paranamer/2.3/paranamer-2.3.jar:/Users/faradey27/.m2/repository/org/xerial/snappy/snappy-java/1.0.5/snappy-java-1.0.5.jar:/Users/faradey27/.m2/repository/org/apache/commons/commons-compress/1.4.1/commons-compress-1.4.1.jar:/Users/faradey27/.m2/repository/org/tukaani/xz/1.0/xz-1.0.jar:/Users/faradey27/.m2/repository/org/kaaproject/avro-ui/gwt-client/0.2.1/gwt-client-0.2.1.jar:/Users/faradey27/.m2/repository/org/kaaproject/avro-ui/shared/0.2.1/shared-0.2.1.jar:/Users/faradey27/.m2/repository/org/kaaproject/avro-ui/shared/0.2.1/shared-0.2.1-sources.jar:/Users/faradey27/.m2/repository/com/github/jdramaix/gwtchosen/1.2.0/gwtchosen-1.2.0.jar:/Users/faradey27/.m2/repository/com/googlecode/gwtquery/gwtquery/1.4.2/gwtquery-1.4.2.jar:/Users/faradey27/.m2/repository/org/kaaproject/kaa/server/common/utils/0.9.0-SNAPSHOT/utils-0.9.0-SNAPSHOT.jar:/Users/faradey27/.m2/repository/org/kaaproject/kaa/server/common/server-shared/0.9.0-SNAPSHOT/server-shared-0.9.0-SNAPSHOT.jar:/Users/faradey27/.m2/repository/org/kaaproject/kaa/common/endpoint-shared/0.9.0-SNAPSHOT/endpoint-shared-0.9.0-SNAPSHOT.jar:/Users/faradey27/.m2/repository/org/kaaproject/kaa/server/common/zk/0.9.0-SNAPSHOT/zk-0.9.0-SNAPSHOT.jar:/Users/faradey27/.m2/repository/org/apache/zookeeper/zookeeper/3.4.6/zookeeper-3.4.6.jar:/Users/faradey27/.m2/repository/log4j/log4j/1.2.16/log4j-1.2.16.jar:/Users/faradey27/.m2/repository/jline/jline/0.9.94/jline-0.9.94.jar:/Users/faradey27/.m2/repository/junit/junit/3.8.1/junit-3.8.1.jar:/Users/faradey27/.m2/repository/io/netty/netty/3.7.0.Final/netty-3.7.0.Final.jar:/Users/faradey27/.m2/repository/org/apache/curator/curator-recipes/2.9.0/curator-recipes-2.9.0.jar:/Users/faradey27/.m2/repository/org/apache/curator/curator-client/2.9.0/curator-client-2.9.0.jar:/Users/faradey27/.m2/repository/org/apache/curator/curator-framework/2.9.0/curator-framework-2.9.0.jar:/Users/faradey27/.m2/repository/org/kaaproject/kaa/server/common/thrift/0.9.0-SNAPSHOT/thrift-0.9.0-SNAPSHOT.jar:/Users/faradey27/.m2/repository/org/apache/thrift/libthrift/0.9.3/libthrift-0.9.3.jar:/Users/faradey27/.m2/repository/org/apache/commons/commons-lang3/3.1/commons-lang3-3.1.jar:/Users/faradey27/.m2/repository/com/twitter/common/thrift/0.0.64/thrift-0.0.64.jar:/Users/faradey27/.m2/repository/com/twitter/common/base/0.0.79/base-0.0.79.jar:/Users/faradey27/.m2/repository/com/twitter/common/net-util/0.0.71/net-util-0.0.71.jar:/Users/faradey27/.m2/repository/com/twitter/common/collections/0.0.66/collections-0.0.66.jar:/Users/faradey27/.m2/repository/com/twitter/common/net-pool/0.0.56/net-pool-0.0.56.jar:/Users/faradey27/.m2/repository/com/twitter/common/dynamic-host-set/0.0.39/dynamic-host-set-0.0.39.jar:/Users/faradey27/.m2/repository/com/twitter/common/quantity/0.0.63/quantity-0.0.63.jar:/Users/faradey27/.m2/repository/com/twitter/common/stats/0.0.86/stats-0.0.86.jar:/Users/faradey27/.m2/repository/com/twitter/common/stat-registry/0.0.23/stat-registry-0.0.23.jar:/Users/faradey27/.m2/repository/com/twitter/common/stat/0.0.25/stat-0.0.25.jar:/Users/faradey27/.m2/repository/com/twitter/common/stats-provider/0.0.52/stats-provider-0.0.52.jar:/Users/faradey27/.m2/repository/com/twitter/common/application-action/0.0.64/application-action-0.0.64.jar:/Users/faradey27/.m2/repository/com/google/inject/guice/3.0/guice-3.0.jar:/Users/faradey27/.m2/repository/com/twitter/common/util-sampler/0.0.49/util-sampler-0.0.49.jar:/Users/faradey27/.m2/repository/com/twitter/common/util/0.0.88/util-0.0.88.jar:/Users/faradey27/.m2/repository/com/twitter/common/util-executor-service-shutdown/0.0.44/util-executor-service-shutdown-0.0.44.jar:/Users/faradey27/.m2/repository/com/twitter/common/jdk-logging/0.0.40/jdk-logging-0.0.40.jar:/Users/faradey27/.m2/repository/com/twitter/common/util-system-mocks/0.0.65/util-system-mocks-0.0.65.jar:/Users/faradey27/.m2/repository/com/twitter/common/service-thrift/1.0.33/service-thrift-1.0.33.jar:/Users/faradey27/.m2/repository/com/google/guava/guava/15.0/guava-15.0.jar:/Users/faradey27/.m2/repository/com/google/code/findbugs/jsr305/2.0.1/jsr305-2.0.1.jar:/Users/faradey27/.m2/repository/javax/inject/javax.inject/1/javax.inject-1.jar:/Users/faradey27/.m2/repository/commons-lang/commons-lang/2.5/commons-lang-2.5.jar:/Users/faradey27/.m2/repository/org/kaaproject/kaa/server/common/dto/0.9.0-SNAPSHOT/dto-0.9.0-SNAPSHOT.jar:/Users/faradey27/.m2/repository/com/fasterxml/jackson/core/jackson-annotations/2.4.1/jackson-annotations-2.4.1.jar:/Users/faradey27/.m2/repository/org/kaaproject/kaa/server/common/dto/0.9.0-SNAPSHOT/dto-0.9.0-SNAPSHOT-sources.jar:/Users/faradey27/.m2/repository/org/kaaproject/kaa/examples/common/1.3.0-SNAPSHOT/common-1.3.0-SNAPSHOT.jar:/Users/faradey27/.m2/repository/org/kaaproject/kaa/server/common/admin-rest-client/0.9.0-SNAPSHOT/admin-rest-client-0.9.0-SNAPSHOT.jar:/Users/faradey27/.m2/repository/com/fasterxml/jackson/core/jackson-databind/2.4.1/jackson-databind-2.4.1.jar:/Users/faradey27/.m2/repository/com/fasterxml/jackson/core/jackson-core/2.4.1/jackson-core-2.4.1.jar:/Users/faradey27/.m2/repository/org/kaaproject/kaa/examples/common/1.3.0-SNAPSHOT/common-1.3.0-SNAPSHOT-sources.jar:/Users/faradey27/.m2/repository/org/eclipse/jetty/jetty-server/9.2.2.v20140723/jetty-server-9.2.2.v20140723.jar:/Users/faradey27/.m2/repository/javax/servlet/javax.servlet-api/3.1.0/javax.servlet-api-3.1.0.jar:/Users/faradey27/.m2/repository/org/eclipse/jetty/jetty-http/9.2.2.v20140723/jetty-http-9.2.2.v20140723.jar:/Users/faradey27/.m2/repository/org/eclipse/jetty/jetty-util/9.2.2.v20140723/jetty-util-9.2.2.v20140723.jar:/Users/faradey27/.m2/repository/org/eclipse/jetty/jetty-io/9.2.2.v20140723/jetty-io-9.2.2.v20140723.jar:/Users/faradey27/.m2/repository/org/eclipse/jetty/jetty-webapp/9.2.2.v20140723/jetty-webapp-9.2.2.v20140723.jar:/Users/faradey27/.m2/repository/org/eclipse/jetty/jetty-xml/9.2.2.v20140723/jetty-xml-9.2.2.v20140723.jar:/Users/faradey27/.m2/repository/org/eclipse/jetty/jetty-servlet/9.2.2.v20140723/jetty-servlet-9.2.2.v20140723.jar:/Users/faradey27/.m2/repository/org/eclipse/jetty/jetty-security/9.2.2.v20140723/jetty-security-9.2.2.v20140723.jar:/Users/faradey27/.m2/repository/org/eclipse/jetty/jetty-annotations/9.2.2.v20140723/jetty-annotations-9.2.2.v20140723.jar:/Users/faradey27/.m2/repository/org/eclipse/jetty/jetty-plus/9.2.2.v20140723/jetty-plus-9.2.2.v20140723.jar:/Users/faradey27/.m2/repository/org/eclipse/jetty/jetty-jndi/9.2.2.v20140723/jetty-jndi-9.2.2.v20140723.jar:/Users/faradey27/.m2/repository/javax/annotation/javax.annotation-api/1.2/javax.annotation-api-1.2.jar:/Users/faradey27/.m2/repository/org/ow2/asm/asm/5.0.1/asm-5.0.1.jar:/Users/faradey27/.m2/repository/org/ow2/asm/asm-commons/5.0.1/asm-commons-5.0.1.jar:/Users/faradey27/.m2/repository/org/ow2/asm/asm-tree/5.0.1/asm-tree-5.0.1.jar:/Users/faradey27/.m2/repository/org/eclipse/jetty/websocket/javax-websocket-client-impl/9.2.2.v20140723/javax-websocket-client-impl-9.2.2.v20140723.jar:/Users/faradey27/.m2/repository/org/eclipse/jetty/websocket/websocket-client/9.2.2.v20140723/websocket-client-9.2.2.v20140723.jar:/Users/faradey27/.m2/repository/org/eclipse/jetty/websocket/websocket-common/9.2.2.v20140723/websocket-common-9.2.2.v20140723.jar:/Users/faradey27/.m2/repository/org/eclipse/jetty/websocket/websocket-api/9.2.2.v20140723/websocket-api-9.2.2.v20140723.jar:/Users/faradey27/.m2/repository/org/eclipse/jetty/websocket/javax-websocket-server-impl/9.2.2.v20140723/javax-websocket-server-impl-9.2.2.v20140723.jar:/Users/faradey27/.m2/repository/org/eclipse/jetty/websocket/websocket-server/9.2.2.v20140723/websocket-server-9.2.2.v20140723.jar:/Users/faradey27/.m2/repository/org/eclipse/jetty/websocket/websocket-servlet/9.2.2.v20140723/websocket-servlet-9.2.2.v20140723.jar:/Users/faradey27/.m2/repository/javax/websocket/javax.websocket-api/1.0/javax.websocket-api-1.0.jar:/Users/faradey27/.m2/repository/org/atmosphere/extensions/atmosphere-gwt20-client/2.3.0-GWT27/atmosphere-gwt20-client-2.3.0-GWT27.jar:/Users/faradey27/.m2/repository/org/atmosphere/extensions/atmosphere-gwt20-common/2.3.0-GWT27/atmosphere-gwt20-common-2.3.0-GWT27.jar:/Users/faradey27/.m2/repository/org/atmosphere/extensions/atmosphere-gwt20-server/2.3.0-GWT27/atmosphere-gwt20-server-2.3.0-GWT27.jar:/Users/faradey27/.m2/repository/org/atmosphere/extensions/atmosphere-gwt20-managed/2.3.0-GWT27/atmosphere-gwt20-managed-2.3.0-GWT27.jar:/Users/faradey27/.m2/repository/org/atmosphere/atmosphere-runtime/2.3.1/atmosphere-runtime-2.3.1.jar
2016-07-24 14:14:33,772 [main] INFO  o.k.kaa.server.common.Environment - java.library.path : /Users/faradey27/Library/Java/Extensions:/Library/Java/Extensions:/Network/Library/Java/Extensions:/System/Library/Java/Extensions:/usr/lib/java:.
2016-07-24 14:14:33,772 [main] INFO  o.k.kaa.server.common.Environment - java.io.tmpdir : /var/folders/ck/xd4wl8ld2h5324nc4qfcr5140000gn/T/
2016-07-24 14:14:33,772 [main] INFO  o.k.kaa.server.common.Environment - java.compiler : N/A
2016-07-24 14:14:33,772 [main] INFO  o.k.kaa.server.common.Environment - os.name : Mac OS X
2016-07-24 14:14:33,772 [main] INFO  o.k.kaa.server.common.Environment - os.arch : x86_64
2016-07-24 14:14:33,772 [main] INFO  o.k.kaa.server.common.Environment - os.version : 10.11.5
2016-07-24 14:14:33,772 [main] INFO  o.k.kaa.server.common.Environment - user.name : faradey27
2016-07-24 14:14:33,772 [main] INFO  o.k.kaa.server.common.Environment - user.home : /Users/faradey27
2016-07-24 14:14:33,772 [main] INFO  o.k.kaa.server.common.Environment - user.dir : /Users/faradey27/Documents/Projects/kaa/sandbox-frame/web
2016-07-24 14:14:33,772 [main] INFO  o.k.kaa.server.common.Environment - server_home_dir : /Users/faradey27/Documents/Projects/kaa/sandbox-frame/web/target
2016-07-24 14:14:33,864 [main] INFO  o.s.c.s.ClassPathXmlApplicationContext - Refreshing org.springframework.context.support.ClassPathXmlApplicationContext@612fc6eb: startup date [Sun Jul 24 14:14:33 EEST 2016]; root of context hierarchy
2016-07-24 14:14:33,904 [main] INFO  o.s.b.f.xml.XmlBeanDefinitionReader - Loading XML bean definitions from class path resource [sandboxContext.xml]
2016-07-24 14:14:34,154 [main] INFO  o.s.b.f.config.PropertiesFactoryBean - Loading properties file from class path resource [sandbox-server.properties]
2016-07-24 14:14:34,199 [main] INFO  o.k.k.s.s.i.KaaSandboxInitializationService - Starting Kaa Sandbox Web Server...
2016-07-24 14:14:34,199 [main] INFO  o.k.k.s.s.i.KaaSandboxInitializationService - Webapps dir [/Users/faradey27/Documents/Projects/kaa/sandbox-frame/web/target/webapps]
2016-07-24 14:14:34,236 [main] INFO  org.eclipse.jetty.server.Server - jetty-8.y.z-SNAPSHOT
2016-07-24 14:14:34,348 [main] INFO  /sandbox - Initializing Spring root WebApplicationContext
2016-07-24 14:14:34,348 [main] INFO  o.s.web.context.ContextLoader - Root WebApplicationContext: initialization started
2016-07-24 14:14:34,367 [main] INFO  o.s.w.c.s.XmlWebApplicationContext - Refreshing Root WebApplicationContext: startup date [Sun Jul 24 14:14:34 EEST 2016]; root of context hierarchy
2016-07-24 14:14:34,368 [main] INFO  o.s.b.f.xml.XmlBeanDefinitionReader - Loading XML bean definitions from ServletContext resource [/WEB-INF/applicationContext.xml]
2016-07-24 14:14:34,568 [main] INFO  o.s.b.f.s.DefaultListableBeanFactory - Overriding bean definition for bean 'adminClientProvider': replacing [Generic bean: class [org.kaaproject.kaa.sandbox.web.services.rest.AdminClientProvider]; scope=singleton; abstract=false; lazyInit=false; autowireMode=0; dependencyCheck=0; autowireCandidate=true; primary=false; factoryBeanName=null; factoryMethodName=null; initMethodName=null; destroyMethodName=null; defined in file [/Users/faradey27/Documents/Projects/kaa/sandbox-frame/web/target/classes/org/kaaproject/kaa/sandbox/web/services/rest/AdminClientProvider.class]] with [Generic bean: class [org.kaaproject.kaa.sandbox.web.services.rest.AdminClientProvider]; scope=; abstract=false; lazyInit=false; autowireMode=0; dependencyCheck=0; autowireCandidate=true; primary=false; factoryBeanName=null; factoryMethodName=null; initMethodName=null; destroyMethodName=null; defined in ServletContext resource [/WEB-INF/applicationContext.xml]]
2016-07-24 14:14:34,568 [main] INFO  o.s.b.f.s.DefaultListableBeanFactory - Overriding bean definition for bean 'sandboxService': replacing [Generic bean: class [org.kaaproject.kaa.sandbox.web.services.SandboxServiceImpl]; scope=singleton; abstract=false; lazyInit=false; autowireMode=0; dependencyCheck=0; autowireCandidate=true; primary=false; factoryBeanName=null; factoryMethodName=null; initMethodName=null; destroyMethodName=null; defined in file [/Users/faradey27/Documents/Projects/kaa/sandbox-frame/web/target/classes/org/kaaproject/kaa/sandbox/web/services/SandboxServiceImpl.class]] with [Generic bean: class [org.kaaproject.kaa.sandbox.web.services.SandboxServiceImpl]; scope=; abstract=false; lazyInit=false; autowireMode=0; dependencyCheck=0; autowireCandidate=true; primary=false; factoryBeanName=null; factoryMethodName=null; initMethodName=null; destroyMethodName=null; defined in ServletContext resource [/WEB-INF/applicationContext.xml]]
2016-07-24 14:14:34,612 [main] INFO  o.s.b.f.a.AutowiredAnnotationBeanPostProcessor - JSR-330 'javax.inject.Inject' annotation found and supported for autowiring
2016-07-24 14:14:34,673 [main] INFO  o.s.b.f.config.PropertiesFactoryBean - Loading properties file from class path resource [sandbox-server.properties]
2016-07-24 14:14:34,713 [main] INFO  o.k.k.s.w.s.SandboxServiceImpl - Initializing Sandbox Service...
2016-07-24 14:14:34,714 [main] INFO  o.k.k.s.w.s.SandboxServiceImpl - sandboxHome [/Users/faradey27/Documents/Projects/kaa/sandbox-frame/web/target]
2016-07-24 14:14:34,714 [main] INFO  o.k.k.s.w.s.SandboxServiceImpl - guiChangeHostEnabled [true]
2016-07-24 14:14:34,714 [main] INFO  o.k.k.s.w.s.SandboxServiceImpl - kaaNodeWebPort [8080]
2016-07-24 14:14:34,714 [main] INFO  o.k.k.s.w.s.SandboxServiceImpl - enableAnalytics [false]
2016-07-24 14:14:34,834 [main] INFO  o.k.k.s.w.s.SandboxServiceImpl - Demo project: id [activation_demo] name [Endpoint activation demo]
2016-07-24 14:14:34,834 [main] INFO  o.k.k.s.w.s.SandboxServiceImpl - Demo project: id [configuration_demo_java] name [Configuration Java demo]
2016-07-24 14:14:34,834 [main] INFO  o.k.k.s.w.s.SandboxServiceImpl - Demo project: id [configuration_demo_c] name [Configuration C demo]
2016-07-24 14:14:34,834 [main] INFO  o.k.k.s.w.s.SandboxServiceImpl - Demo project: id [configuration_demo_cpp] name [Configuration C++ demo]
2016-07-24 14:14:34,834 [main] INFO  o.k.k.s.w.s.SandboxServiceImpl - Demo project: id [configuration_demo_objc] name [Configuration Objective-C demo]
2016-07-24 14:14:34,834 [main] INFO  o.k.k.s.w.s.SandboxServiceImpl - Demo project: id [notification_demo_java] name [Notification Java demo]
2016-07-24 14:14:34,834 [main] INFO  o.k.k.s.w.s.SandboxServiceImpl - Demo project: id [notification_demo_cpp] name [Notification C++ demo]
2016-07-24 14:14:34,834 [main] INFO  o.k.k.s.w.s.SandboxServiceImpl - Demo project: id [notification_demo_c] name [Notification C demo]
2016-07-24 14:14:34,834 [main] INFO  o.k.k.s.w.s.SandboxServiceImpl - Demo project: id [notification_demo_android] name [Notification Android demo]
2016-07-24 14:14:34,834 [main] INFO  o.k.k.s.w.s.SandboxServiceImpl - Demo project: id [notification_demo_objc] name [Notification Objective-C demo]
2016-07-24 14:14:34,835 [main] INFO  o.k.k.s.w.s.SandboxServiceImpl - Demo project: id [datacollection_demo_java] name [Data collection Java demo]
2016-07-24 14:14:34,835 [main] INFO  o.k.k.s.w.s.SandboxServiceImpl - Demo project: id [datacollection_demo_c] name [Data collection C demo]
2016-07-24 14:14:34,835 [main] INFO  o.k.k.s.w.s.SandboxServiceImpl - Demo project: id [datacollection_demo_cpp] name [Data collection C++ demo]
2016-07-24 14:14:34,835 [main] INFO  o.k.k.s.w.s.SandboxServiceImpl - Demo project: id [datacollection_demo_objc] name [Data collection Objective-C demo]
2016-07-24 14:14:34,835 [main] INFO  o.k.k.s.w.s.SandboxServiceImpl - Demo project: id [event_demo_java] name [Event Java demo]
2016-07-24 14:14:34,835 [main] INFO  o.k.k.s.w.s.SandboxServiceImpl - Demo project: id [event_demo_c] name [Event C demo]
2016-07-24 14:14:34,835 [main] INFO  o.k.k.s.w.s.SandboxServiceImpl - Demo project: id [event_demo_cpp] name [Event C++ demo]
2016-07-24 14:14:34,835 [main] INFO  o.k.k.s.w.s.SandboxServiceImpl - Demo project: id [event_demo_objc] name [Event Objective-C demo]
2016-07-24 14:14:34,835 [main] INFO  o.k.k.s.w.s.SandboxServiceImpl - Demo project: id [verifiers_demo] name [User verifiers demo]
2016-07-24 14:14:34,835 [main] INFO  o.k.k.s.w.s.SandboxServiceImpl - Demo project: id [zeppelin_demo_java] name [Zeppelin data analytics demo]
2016-07-24 14:14:34,835 [main] INFO  o.k.k.s.w.s.SandboxServiceImpl - Demo project: id [storm_demo_java] name [Storm data analytics Java demo]
2016-07-24 14:14:34,835 [main] INFO  o.k.k.s.w.s.SandboxServiceImpl - Demo project: id [storm_demo_c] name [Storm data analytics C demo]
2016-07-24 14:14:34,835 [main] INFO  o.k.k.s.w.s.SandboxServiceImpl - Demo project: id [storm_demo_cpp] name [Storm data analytics C++ demo]
2016-07-24 14:14:34,835 [main] INFO  o.k.k.s.w.s.SandboxServiceImpl - Demo project: id [cassandra_demo_c] name [Cassandra data analytics demo]
2016-07-24 14:14:34,835 [main] INFO  o.k.k.s.w.s.SandboxServiceImpl - Demo project: id [spark_demo_cpp] name [Spark data analytics demo]
2016-07-24 14:14:34,835 [main] INFO  o.k.k.s.w.s.SandboxServiceImpl - Demo project: id [gpio_master] name [GPIO control Android]
2016-07-24 14:14:34,835 [main] INFO  o.k.k.s.w.s.SandboxServiceImpl - Demo project: id [gpio_slave_cc] name [GPIO control CC32XX]
2016-07-24 14:14:34,835 [main] INFO  o.k.k.s.w.s.SandboxServiceImpl - Demo project: id [gpio_slave_esp] name [GPIO control ESP8266]
2016-07-24 14:14:34,835 [main] INFO  o.k.k.s.w.s.SandboxServiceImpl - Demo project: id [gpio_slave_artik5] name [GPIO control Artik 5]
2016-07-24 14:14:34,835 [main] INFO  o.k.k.s.w.s.SandboxServiceImpl - Demo project: id [gpio_master_objc] name [GPIO control iOS]
2016-07-24 14:14:34,835 [main] INFO  o.k.k.s.w.s.SandboxServiceImpl - Demo project: id [cellmonitor_demo_android] name [Cell monitor Android]
2016-07-24 14:14:34,835 [main] INFO  o.k.k.s.w.s.SandboxServiceImpl - Demo project: id [cellmonitor_demo_objc] name [Cell monitor iOS]
2016-07-24 14:14:34,835 [main] INFO  o.k.k.s.w.s.SandboxServiceImpl - Demo project: id [cityguide_demo] name [City guide]
2016-07-24 14:14:34,836 [main] INFO  o.k.k.s.w.s.SandboxServiceImpl - Demo project: id [photoframe_demo] name [Photo frame]
2016-07-24 14:14:34,836 [main] INFO  o.k.k.s.w.s.SandboxServiceImpl - Demo projects bundle: id [configuration_demos] name [Configuration demos]
2016-07-24 14:14:34,836 [main] INFO  o.k.k.s.w.s.SandboxServiceImpl - Demo projects bundle: id [notification_demos] name [Notification demos]
2016-07-24 14:14:34,836 [main] INFO  o.k.k.s.w.s.SandboxServiceImpl - Demo projects bundle: id [datacollection_demos] name [Data collection demos]
2016-07-24 14:14:34,836 [main] INFO  o.k.k.s.w.s.SandboxServiceImpl - Demo projects bundle: id [event_demos] name [Event demos]
2016-07-24 14:14:34,836 [main] INFO  o.k.k.s.w.s.SandboxServiceImpl - Demo projects bundle: id [storm_demos] name [Storm data analytics demos]
2016-07-24 14:14:34,836 [main] INFO  o.k.k.s.w.s.SandboxServiceImpl - Demo projects bundle: id [gpio_control] name [GPIO control]
2016-07-24 14:14:34,836 [main] INFO  o.k.k.s.w.s.SandboxServiceImpl - Demo projects bundle: id [cell_monitor_demos] name [Cell Monitor demos]
2016-07-24 14:14:34,837 [main] INFO  o.k.k.s.w.s.SandboxServiceImpl - Sandbox env: [ANDROID_HOME=/usr/lib/kaa-sandbox/android-sdk-linux]
2016-07-24 14:14:34,838 [main] INFO  o.k.k.s.w.s.SandboxServiceImpl - Initialized Sandbox Service.
2016-07-24 14:14:34,851 [main] INFO  o.s.c.e.EhCacheManagerFactoryBean - Initializing EhCache CacheManager
2016-07-24 14:14:34,876 [main] WARN  n.s.e.config.CacheConfiguration - Statistics can no longer be enabled via configuration.
2016-07-24 14:14:34,877 [main] WARN  n.s.e.config.CacheConfiguration - Statistics can no longer be enabled via configuration.
2016-07-24 14:14:34,877 [main] WARN  n.s.e.config.CacheConfiguration - Statistics can no longer be enabled via configuration.
2016-07-24 14:14:34,878 [main] WARN  n.s.e.config.CacheConfiguration - Statistics can no longer be enabled via configuration.
2016-07-24 14:14:34,960 [main] WARN  net.sf.ehcache.DiskStorePathManager - diskStorePath '/var/folders/ck/xd4wl8ld2h5324nc4qfcr5140000gn/T' is already used by an existing CacheManager either in the same VM or in a different process.
The diskStore path for this CacheManager will be set to /var/folders/ck/xd4wl8ld2h5324nc4qfcr5140000gn/T/ehcache_auto_created810272726863772219diskstore.
To avoid this warning consider using the CacheManager factory methods to create a singleton CacheManager or specifying a separate ehcache configuration (ehcache.xml) for each CacheManager instance.
2016-07-24 14:14:35,028 [main] WARN  n.s.e.store.disk.DiskStorageFactory - Data in persistent disk stores is ignored for stores from automatically created directories.
Remove diskPersistent or resolve the conflicting disk paths in cache configuration.
Deleting data file /var/folders/ck/xd4wl8ld2h5324nc4qfcr5140000gn/T/ehcache_auto_created810272726863772219diskstore/props%0043ache.data
2016-07-24 14:14:35,044 [main] INFO  o.s.web.context.ContextLoader - Root WebApplicationContext: initialization completed in 696 ms
2016-07-24 14:14:35,151 [main] INFO  o.atmosphere.cpr.AtmosphereFramework - Atmosphere is using org.atmosphere.cpr.DefaultAnnotationProcessor for processing annotation
2016-07-24 14:14:35,151 [main] INFO  o.a.cpr.DefaultAnnotationProcessor - AnnotationProcessor class org.atmosphere.cpr.DefaultAnnotationProcessor$BytecodeBasedAnnotationProcessor being used
2016-07-24 14:14:35,172 [main] INFO  org.atmosphere.cpr.AnnotationHandler - Found Annotation in class org.kaaproject.kaa.sandbox.web.services.SandboxServiceImpl being scanned: interface org.atmosphere.config.service.ManagedService
2016-07-24 14:14:35,174 [main] INFO  o.a.annotation.AnnotationUtil - Adding class org.atmosphere.interceptor.AtmosphereResourceLifecycleInterceptor
2016-07-24 14:14:35,175 [main] INFO  o.a.annotation.AnnotationUtil - Adding class org.atmosphere.client.TrackMessageSizeInterceptor
2016-07-24 14:14:35,176 [main] INFO  o.a.annotation.AnnotationUtil - Adding class org.atmosphere.interceptor.SuspendTrackerInterceptor
2016-07-24 14:14:35,177 [main] INFO  o.a.annotation.AnnotationUtil - Adding class org.atmosphere.config.managed.ManagedServiceInterceptor
2016-07-24 14:14:35,180 [main] INFO  o.a.annotation.AnnotationUtil - Adding class org.atmosphere.gwt20.server.GwtRpcInterceptor
2016-07-24 14:14:35,181 [main] INFO  o.a.annotation.AnnotationUtil - Adding class org.atmosphere.gwt20.managed.AtmosphereMessageInterceptor
2016-07-24 14:14:35,191 [main] INFO  org.atmosphere.util.ForkJoinPool - Using ForkJoinPool. Set the org.atmosphere.cpr.broadcaster.maxAsyncWriteThreads to -1 to fully use its power.
2016-07-24 14:14:35,197 [main] INFO  o.atmosphere.cpr.AtmosphereFramework - Installed AtmosphereHandler org.atmosphere.config.managed.ManagedAtmosphereHandler mapped to context-path /sandbox/atmosphere/rpc and Broadcaster Class org.atmosphere.cpr.DefaultBroadcaster
2016-07-24 14:14:35,197 [main] INFO  o.atmosphere.cpr.AtmosphereFramework - Installed AtmosphereInterceptor [Atmosphere LifeCycle,  Track Message Size Interceptor using |, UUID Tracking Interceptor, @ManagedService Interceptor, org.atmosphere.gwt20.server.GwtRpcInterceptor@24b52d3e, org.atmosphere.gwt20.managed.AtmosphereMessageInterceptor] mapped to AtmosphereHandler org.atmosphere.config.managed.ManagedAtmosphereHandler
2016-07-24 14:14:35,199 [main] INFO  o.atmosphere.cpr.AtmosphereFramework - Auto detecting WebSocketHandler in /WEB-INF/classes/
2016-07-24 14:14:35,200 [main] INFO  o.atmosphere.cpr.AtmosphereFramework - Installed WebSocketProtocol org.atmosphere.websocket.protocol.SimpleHttpProtocol 
2016-07-24 14:14:35,214 [main] INFO  o.atmosphere.cpr.AtmosphereFramework - Installing Default AtmosphereInterceptors
2016-07-24 14:14:35,215 [main] INFO  o.atmosphere.cpr.AtmosphereFramework - 	org.atmosphere.interceptor.CorsInterceptor : CORS Interceptor Support
2016-07-24 14:14:35,215 [main] INFO  o.atmosphere.cpr.AtmosphereFramework - 	org.atmosphere.interceptor.CacheHeadersInterceptor : Default Response's Headers Interceptor
2016-07-24 14:14:35,215 [main] INFO  o.atmosphere.cpr.AtmosphereFramework - 	org.atmosphere.interceptor.PaddingAtmosphereInterceptor : Browser Padding Interceptor Support
2016-07-24 14:14:35,216 [main] INFO  o.atmosphere.cpr.AtmosphereFramework - 	org.atmosphere.interceptor.AndroidAtmosphereInterceptor : Android Interceptor Support
2016-07-24 14:14:35,217 [main] INFO  o.atmosphere.cpr.AtmosphereFramework - 	org.atmosphere.interceptor.HeartbeatInterceptor : Heartbeat Interceptor Support
2016-07-24 14:14:35,218 [main] INFO  o.atmosphere.cpr.AtmosphereFramework - 	org.atmosphere.interceptor.SSEAtmosphereInterceptor : SSE Interceptor Support
2016-07-24 14:14:35,218 [main] INFO  o.atmosphere.cpr.AtmosphereFramework - 	org.atmosphere.interceptor.JSONPAtmosphereInterceptor : JSONP Interceptor Support
2016-07-24 14:14:35,219 [main] INFO  o.atmosphere.cpr.AtmosphereFramework - 	org.atmosphere.interceptor.JavaScriptProtocol : Atmosphere JavaScript Protocol
2016-07-24 14:14:35,219 [main] INFO  o.atmosphere.cpr.AtmosphereFramework - 	org.atmosphere.interceptor.WebSocketMessageSuspendInterceptor : org.atmosphere.interceptor.WebSocketMessageSuspendInterceptor
2016-07-24 14:14:35,219 [main] INFO  o.atmosphere.cpr.AtmosphereFramework - 	org.atmosphere.interceptor.OnDisconnectInterceptor : Browser disconnection detection
2016-07-24 14:14:35,219 [main] INFO  o.atmosphere.cpr.AtmosphereFramework - 	org.atmosphere.interceptor.IdleResourceInterceptor : org.atmosphere.interceptor.IdleResourceInterceptor
2016-07-24 14:14:35,220 [main] INFO  o.atmosphere.cpr.AtmosphereFramework - Set org.atmosphere.cpr.AtmosphereInterceptor.disableDefaults to disable them.
2016-07-24 14:14:35,220 [main] INFO  o.atmosphere.cpr.AtmosphereFramework - Installed AtmosphereInterceptor CORS Interceptor Support with priority FIRST_BEFORE_DEFAULT 
2016-07-24 14:14:35,221 [main] INFO  o.atmosphere.cpr.AtmosphereFramework - Installed AtmosphereInterceptor Default Response's Headers Interceptor with priority AFTER_DEFAULT 
2016-07-24 14:14:35,221 [main] INFO  o.atmosphere.cpr.AtmosphereFramework - Installed AtmosphereInterceptor Browser Padding Interceptor Support with priority AFTER_DEFAULT 
2016-07-24 14:14:35,221 [main] INFO  o.atmosphere.cpr.AtmosphereFramework - Installed AtmosphereInterceptor Android Interceptor Support with priority AFTER_DEFAULT 
2016-07-24 14:14:35,221 [main] INFO  o.a.interceptor.HeartbeatInterceptor - HeartbeatInterceptor configured with padding value 'X', client frequency 60 seconds and server frequency 0 seconds
2016-07-24 14:14:35,221 [main] INFO  o.atmosphere.cpr.AtmosphereFramework - Installed AtmosphereInterceptor Heartbeat Interceptor Support with priority AFTER_DEFAULT 
2016-07-24 14:14:35,221 [main] INFO  o.atmosphere.cpr.AtmosphereFramework - Installed AtmosphereInterceptor SSE Interceptor Support with priority AFTER_DEFAULT 
2016-07-24 14:14:35,221 [main] INFO  o.atmosphere.cpr.AtmosphereFramework - Installed AtmosphereInterceptor JSONP Interceptor Support with priority AFTER_DEFAULT 
2016-07-24 14:14:35,221 [main] INFO  o.atmosphere.cpr.AtmosphereFramework - Installed AtmosphereInterceptor Atmosphere JavaScript Protocol with priority AFTER_DEFAULT 
2016-07-24 14:14:35,221 [main] INFO  o.atmosphere.cpr.AtmosphereFramework - Installed AtmosphereInterceptor org.atmosphere.interceptor.WebSocketMessageSuspendInterceptor with priority AFTER_DEFAULT 
2016-07-24 14:14:35,221 [main] INFO  o.atmosphere.cpr.AtmosphereFramework - Installed AtmosphereInterceptor Browser disconnection detection with priority AFTER_DEFAULT 
2016-07-24 14:14:35,222 [main] INFO  o.atmosphere.cpr.AtmosphereFramework - Installed AtmosphereInterceptor org.atmosphere.interceptor.IdleResourceInterceptor with priority BEFORE_DEFAULT 
2016-07-24 14:14:35,222 [main] INFO  o.atmosphere.cpr.AtmosphereFramework - Using EndpointMapper class org.atmosphere.util.DefaultEndpointMapper
2016-07-24 14:14:35,222 [main] INFO  o.atmosphere.cpr.AtmosphereFramework - Using BroadcastFilter: org.atmosphere.gwt20.managed.AtmosphereMessageFilterEncoder
2016-07-24 14:14:35,222 [main] INFO  o.atmosphere.cpr.AtmosphereFramework - Using BroadcasterCache: org.atmosphere.cache.UUIDBroadcasterCache
2016-07-24 14:14:35,222 [main] INFO  o.atmosphere.cpr.AtmosphereFramework - Default Broadcaster Class: org.atmosphere.cpr.DefaultBroadcaster
2016-07-24 14:14:35,222 [main] INFO  o.atmosphere.cpr.AtmosphereFramework - Broadcaster Shared List Resources: false
2016-07-24 14:14:35,223 [main] INFO  o.atmosphere.cpr.AtmosphereFramework - Broadcaster Polling Wait Time 100
2016-07-24 14:14:35,223 [main] INFO  o.atmosphere.cpr.AtmosphereFramework - Shared ExecutorService supported: true
2016-07-24 14:14:35,223 [main] INFO  o.atmosphere.cpr.AtmosphereFramework - Messaging ExecutorService Pool Size unavailable - Not instance of ThreadPoolExecutor
2016-07-24 14:14:35,223 [main] INFO  o.atmosphere.cpr.AtmosphereFramework - Async I/O Thread Pool Size: 200
2016-07-24 14:14:35,223 [main] INFO  o.atmosphere.cpr.AtmosphereFramework - Using BroadcasterFactory: org.atmosphere.cpr.DefaultBroadcasterFactory
2016-07-24 14:14:35,223 [main] INFO  o.atmosphere.cpr.AtmosphereFramework - Using AtmosphereResurceFactory: org.atmosphere.cpr.DefaultAtmosphereResourceFactory
2016-07-24 14:14:35,223 [main] INFO  o.atmosphere.cpr.AtmosphereFramework - Using WebSocketProcessor: org.atmosphere.websocket.DefaultWebSocketProcessor
2016-07-24 14:14:35,223 [main] INFO  o.atmosphere.cpr.AtmosphereFramework - Invoke AtmosphereInterceptor on WebSocket message true
2016-07-24 14:14:35,223 [main] INFO  o.atmosphere.cpr.AtmosphereFramework - HttpSession supported: false
2016-07-24 14:14:35,223 [main] INFO  o.atmosphere.cpr.AtmosphereFramework - Atmosphere is using org.atmosphere.inject.InjectableObjectFactory for dependency injection and object creation
2016-07-24 14:14:35,223 [main] INFO  o.atmosphere.cpr.AtmosphereFramework - Atmosphere is using async support: org.atmosphere.container.JettyServlet30AsyncSupportWithWebSocket running under container: jetty/8.y.z-SNAPSHOT with WebSocket enabled.
2016-07-24 14:14:35,224 [main] INFO  o.atmosphere.cpr.AtmosphereFramework - Atmosphere Framework 2.3.1 started.
2016-07-24 14:14:35,224 [main] INFO  o.atmosphere.cpr.AtmosphereFramework - 

	For Atmosphere Framework Commercial Support, visit 
	http://www.async-io.org/ or send an email to support@async-io.org

2016-07-24 14:14:35,225 [main] INFO  o.s.b.f.a.AutowiredAnnotationBeanPostProcessor - JSR-330 'javax.inject.Inject' annotation found and supported for autowiring
2016-07-24 14:14:35,241 [main] INFO  /sandbox - Initializing Spring FrameworkServlet 'sandboxRestServlet'
2016-07-24 14:14:35,241 [main] INFO  o.s.web.servlet.DispatcherServlet - FrameworkServlet 'sandboxRestServlet': initialization started
2016-07-24 14:14:35,243 [main] INFO  o.s.w.c.s.XmlWebApplicationContext - Refreshing WebApplicationContext for namespace 'sandboxRestServlet-servlet': startup date [Sun Jul 24 14:14:35 EEST 2016]; parent: Root WebApplicationContext
2016-07-24 14:14:35,244 [main] INFO  o.s.b.f.xml.XmlBeanDefinitionReader - Loading XML bean definitions from ServletContext resource [/WEB-INF/rest-servlet.xml]
2016-07-24 14:14:35,325 [main] INFO  o.s.b.f.a.AutowiredAnnotationBeanPostProcessor - JSR-330 'javax.inject.Inject' annotation found and supported for autowiring
2016-07-24 14:14:35,447 [main] INFO  o.s.w.s.m.m.a.RequestMappingHandlerMapping - Mapped "{[/api/demoProjects],methods=[GET],params=[],headers=[],consumes=[],produces=[],custom=[]}" onto public java.util.List<org.kaaproject.kaa.examples.common.projects.Project> org.kaaproject.kaa.sandbox.web.controller.SandboxController.getDemoProjects() throws org.kaaproject.kaa.sandbox.web.shared.services.SandboxServiceException
2016-07-24 14:14:35,448 [main] INFO  o.s.w.s.m.m.a.RequestMappingHandlerMapping - Mapped "{[/api/isProjectDataExists],methods=[GET],params=[],headers=[],consumes=[],produces=[],custom=[]}" onto public boolean org.kaaproject.kaa.sandbox.web.controller.SandboxController.checkProjectDataExists(java.lang.String,java.lang.String) throws org.kaaproject.kaa.sandbox.web.shared.services.SandboxServiceException
2016-07-24 14:14:35,448 [main] INFO  o.s.w.s.m.m.a.RequestMappingHandlerMapping - Mapped "{[/api/buildProjectData],methods=[POST],params=[],headers=[],consumes=[],produces=[],custom=[]}" onto public byte[] org.kaaproject.kaa.sandbox.web.controller.SandboxController.buildProjectData(java.lang.String,java.lang.String) throws org.kaaproject.kaa.sandbox.web.shared.services.SandboxServiceException
2016-07-24 14:14:35,639 [Thread-6] INFO  o.atmosphere.cpr.AtmosphereFramework - Latest version of Atmosphere's JavaScript Client 2.3.1
2016-07-24 14:14:35,639 [Thread-6] INFO  o.atmosphere.cpr.AtmosphereFramework - 

	Atmosphere Framework Updates
	Minor available (bugs fixes): 2.3.7
	Major available (new features): 2.4.5
2016-07-24 14:14:35,750 [main] INFO  o.s.web.servlet.DispatcherServlet - FrameworkServlet 'sandboxRestServlet': initialization completed in 509 ms
2016-07-24 14:14:36,935 [main] INFO  /avroUiSandbox - Initializing Logback from [classpath:avro-ui-sandbox-logback.xml]
2016-07-24 14:14:37,021 [main] INFO  /avroUiSandbox - JUL to SLF4J bridge is not available on the classpath
2016-07-24 14:14:37,021 [main] INFO  /avroUiSandbox - Initializing Spring root WebApplicationContext
2016-07-24 14:14:37,021 [main] INFO  o.s.web.context.ContextLoader - Root WebApplicationContext: initialization started
2016-07-24 14:14:37,059 [main] INFO  o.s.w.c.s.XmlWebApplicationContext - Refreshing Root WebApplicationContext: startup date [Sun Jul 24 14:14:37 EEST 2016]; root of context hierarchy
2016-07-24 14:14:37,079 [main] INFO  o.s.b.f.xml.XmlBeanDefinitionReader - Loading XML bean definitions from ServletContext resource [/WEB-INF/applicationContext.xml]
2016-07-24 14:14:37,206 [main] INFO  o.s.b.f.a.AutowiredAnnotationBeanPostProcessor - JSR-330 'javax.inject.Inject' annotation found and supported for autowiring
2016-07-24 14:14:37,389 [main] INFO  o.s.web.context.ContextLoader - Root WebApplicationContext: initialization completed in 368 ms
2016-07-24 14:14:37,409 [main] WARN  o.e.j.u.component.AbstractLifeCycle - FAILED SelectChannelConnector@0.0.0.0:9080: java.net.BindException: Address already in use
java.net.BindException: Address already in use
	at sun.nio.ch.Net.bind0(Native Method) ~[na:1.8.0_101]
	at sun.nio.ch.Net.bind(Net.java:433) ~[na:1.8.0_101]
	at sun.nio.ch.Net.bind(Net.java:425) ~[na:1.8.0_101]
	at sun.nio.ch.ServerSocketChannelImpl.bind(ServerSocketChannelImpl.java:223) ~[na:1.8.0_101]
	at sun.nio.ch.ServerSocketAdaptor.bind(ServerSocketAdaptor.java:74) ~[na:1.8.0_101]
	at org.eclipse.jetty.server.nio.SelectChannelConnector.open(SelectChannelConnector.java:187) ~[gwt-dev-2.7.0.jar:na]
	at org.eclipse.jetty.server.AbstractConnector.doStart(AbstractConnector.java:316) ~[gwt-dev-2.7.0.jar:na]
	at org.eclipse.jetty.server.nio.SelectChannelConnector.doStart(SelectChannelConnector.java:265) ~[gwt-dev-2.7.0.jar:na]
	at org.eclipse.jetty.util.component.AbstractLifeCycle.start(AbstractLifeCycle.java:64) [gwt-dev-2.7.0.jar:na]
	at org.eclipse.jetty.server.Server.doStart(Server.java:293) [gwt-dev-2.7.0.jar:na]
	at org.eclipse.jetty.util.component.AbstractLifeCycle.start(AbstractLifeCycle.java:64) [gwt-dev-2.7.0.jar:na]
	at org.kaaproject.kaa.sandbox.service.initialization.KaaSandboxInitializationService.start(KaaSandboxInitializationService.java:67) [classes/:na]
	at org.kaaproject.kaa.sandbox.KaaSandboxApplication.init(KaaSandboxApplication.java:74) [classes/:na]
	at org.kaaproject.kaa.server.common.AbstractServerApplication.startAndWait(AbstractServerApplication.java:112) [server-shared-0.9.0-SNAPSHOT.jar:na]
	at org.kaaproject.kaa.sandbox.KaaSandboxApplication.main(KaaSandboxApplication.java:48) [classes/:na]
2016-07-24 14:14:37,410 [main] WARN  o.e.j.u.component.AbstractLifeCycle - FAILED org.eclipse.jetty.server.Server@194d329e: java.net.BindException: Address already in use
java.net.BindException: Address already in use
	at sun.nio.ch.Net.bind0(Native Method) ~[na:1.8.0_101]
	at sun.nio.ch.Net.bind(Net.java:433) ~[na:1.8.0_101]
	at sun.nio.ch.Net.bind(Net.java:425) ~[na:1.8.0_101]
	at sun.nio.ch.ServerSocketChannelImpl.bind(ServerSocketChannelImpl.java:223) ~[na:1.8.0_101]
	at sun.nio.ch.ServerSocketAdaptor.bind(ServerSocketAdaptor.java:74) ~[na:1.8.0_101]
	at org.eclipse.jetty.server.nio.SelectChannelConnector.open(SelectChannelConnector.java:187) ~[gwt-dev-2.7.0.jar:na]
	at org.eclipse.jetty.server.AbstractConnector.doStart(AbstractConnector.java:316) ~[gwt-dev-2.7.0.jar:na]
	at org.eclipse.jetty.server.nio.SelectChannelConnector.doStart(SelectChannelConnector.java:265) ~[gwt-dev-2.7.0.jar:na]
	at org.eclipse.jetty.util.component.AbstractLifeCycle.start(AbstractLifeCycle.java:64) ~[gwt-dev-2.7.0.jar:na]
	at org.eclipse.jetty.server.Server.doStart(Server.java:293) ~[gwt-dev-2.7.0.jar:na]
	at org.eclipse.jetty.util.component.AbstractLifeCycle.start(AbstractLifeCycle.java:64) ~[gwt-dev-2.7.0.jar:na]
	at org.kaaproject.kaa.sandbox.service.initialization.KaaSandboxInitializationService.start(KaaSandboxInitializationService.java:67) [classes/:na]
	at org.kaaproject.kaa.sandbox.KaaSandboxApplication.init(KaaSandboxApplication.java:74) [classes/:na]
	at org.kaaproject.kaa.server.common.AbstractServerApplication.startAndWait(AbstractServerApplication.java:112) [server-shared-0.9.0-SNAPSHOT.jar:na]
	at org.kaaproject.kaa.sandbox.KaaSandboxApplication.main(KaaSandboxApplication.java:48) [classes/:na]
2016-07-24 14:14:37,410 [main] ERROR o.k.k.s.s.i.KaaSandboxInitializationService - Error starting Kaa Sandbox Web Server!
java.net.BindException: Address already in use
	at sun.nio.ch.Net.bind0(Native Method) ~[na:1.8.0_101]
	at sun.nio.ch.Net.bind(Net.java:433) ~[na:1.8.0_101]
	at sun.nio.ch.Net.bind(Net.java:425) ~[na:1.8.0_101]
	at sun.nio.ch.ServerSocketChannelImpl.bind(ServerSocketChannelImpl.java:223) ~[na:1.8.0_101]
	at sun.nio.ch.ServerSocketAdaptor.bind(ServerSocketAdaptor.java:74) ~[na:1.8.0_101]
	at org.eclipse.jetty.server.nio.SelectChannelConnector.open(SelectChannelConnector.java:187) ~[gwt-dev-2.7.0.jar:na]
	at org.eclipse.jetty.server.AbstractConnector.doStart(AbstractConnector.java:316) ~[gwt-dev-2.7.0.jar:na]
	at org.eclipse.jetty.server.nio.SelectChannelConnector.doStart(SelectChannelConnector.java:265) ~[gwt-dev-2.7.0.jar:na]
	at org.eclipse.jetty.util.component.AbstractLifeCycle.start(AbstractLifeCycle.java:64) ~[gwt-dev-2.7.0.jar:na]
	at org.eclipse.jetty.server.Server.doStart(Server.java:293) ~[gwt-dev-2.7.0.jar:na]
	at org.eclipse.jetty.util.component.AbstractLifeCycle.start(AbstractLifeCycle.java:64) ~[gwt-dev-2.7.0.jar:na]
	at org.kaaproject.kaa.sandbox.service.initialization.KaaSandboxInitializationService.start(KaaSandboxInitializationService.java:67) ~[classes/:na]
	at org.kaaproject.kaa.sandbox.KaaSandboxApplication.init(KaaSandboxApplication.java:74) [classes/:na]
	at org.kaaproject.kaa.server.common.AbstractServerApplication.startAndWait(AbstractServerApplication.java:112) [server-shared-0.9.0-SNAPSHOT.jar:na]
	at org.kaaproject.kaa.sandbox.KaaSandboxApplication.main(KaaSandboxApplication.java:48) [classes/:na]
2016-07-24 14:14:45,325 [Thread-0] INFO  o.k.k.sandbox.KaaSandboxApplication - Thread-0 application stopping...
2016-07-24 14:14:45,326 [Thread-0] INFO  o.k.k.s.s.i.KaaSandboxInitializationService - Stopping Kaa Sandbox Web Server...
2016-07-24 14:14:45,329 [Thread-0] INFO  /avroUiSandbox - Closing Spring root WebApplicationContext
2016-07-24 14:14:45,330 [Thread-0] INFO  o.s.w.c.s.XmlWebApplicationContext - Closing Root WebApplicationContext: startup date [Sun Jul 24 14:14:37 EEST 2016]; root of context hierarchy
2016-07-24 14:14:45,331 [Thread-0] INFO  /avroUiSandbox - Shutting down Logback
2016-07-24 14:14:45,332 [Thread-0] INFO  o.e.j.server.handler.ContextHandler - stopped o.e.j.w.WebAppContext{/avroUiSandbox,file:/Users/faradey27/Documents/Projects/kaa/sandbox-frame/web/target/webapps/avroUiSandbox/}
2016-07-24 14:14:45,333 [Thread-0] INFO  /sandbox - Destroying Spring FrameworkServlet 'sandboxRestServlet'
2016-07-24 14:14:45,333 [Thread-0] INFO  o.s.w.c.s.XmlWebApplicationContext - Closing WebApplicationContext for namespace 'sandboxRestServlet-servlet': startup date [Sun Jul 24 14:14:35 EEST 2016]; parent: Root WebApplicationContext
2016-07-24 14:14:45,335 [Thread-0] INFO  /sandbox - Closing Spring root WebApplicationContext
2016-07-24 14:14:45,335 [Thread-0] INFO  o.s.w.c.s.XmlWebApplicationContext - Closing Root WebApplicationContext: startup date [Sun Jul 24 14:14:34 EEST 2016]; root of context hierarchy
2016-07-24 14:14:45,336 [Thread-0] INFO  o.s.c.e.EhCacheManagerFactoryBean - Shutting down EhCache CacheManager
2016-07-24 14:14:45,343 [Thread-0] INFO  o.e.j.server.handler.ContextHandler - stopped o.e.j.w.WebAppContext{/sandbox,file:/Users/faradey27/Documents/Projects/kaa/sandbox-frame/web/target/webapps/sandbox/}
2016-07-24 14:14:45,395 [main] INFO  o.s.c.s.ClassPathXmlApplicationContext - Closing org.springframework.context.support.ClassPathXmlApplicationContext@612fc6eb: startup date [Sun Jul 24 14:14:33 EEST 2016]; root of context hierarchy
2016-07-24 14:14:45,395 [Thread-0] INFO  o.k.k.s.s.i.KaaSandboxInitializationService - Kaa Sandbox Web Server stopped.
2016-07-24 14:14:45,395 [main] INFO  o.k.k.s.c.AbstractServerApplication - Kaa Sandbox application stopped.
